SF:lib\model\data\Document.dart
DA:17,1
DA:18,2
DA:19,4
DA:22,0
DA:23,0
DA:26,1
DA:27,4
DA:30,1
DA:31,5
DA:34,1
DA:35,4
DA:36,2
DA:39,1
DA:40,2
DA:41,3
DA:42,2
DA:43,3
DA:44,2
DA:46,3
DA:50,5
DA:51,2
DA:52,2
DA:53,2
DA:55,1
DA:56,6
DA:58,1
DA:59,1
DA:60,1
DA:63,0
DA:64,0
DA:65,0
DA:68,0
DA:69,0
DA:72,0
DA:73,0
DA:76,5
DA:78,1
DA:79,3
DA:80,1
DA:82,0
LF:40
LH:30
end_of_record
SF:lib\model\data\Paper.dart
DA:9,1
DA:10,2
DA:13,0
DA:14,0
DA:17,1
DA:18,2
DA:21,1
DA:22,3
DA:24,2
DA:25,4
DA:28,5
DA:30,1
DA:31,2
DA:32,1
DA:36,0
DA:37,0
DA:38,0
LF:17
LH:12
end_of_record
SF:lib\model\data\Line.dart
DA:16,3
DA:18,2
DA:20,8
DA:21,10
DA:23,8
DA:24,10
DA:28,8
DA:29,10
DA:31,8
DA:32,10
DA:35,4
DA:38,0
DA:39,0
DA:40,0
DA:42,0
DA:44,0
DA:46,0
DA:48,0
DA:50,0
DA:52,0
DA:54,0
DA:56,0
DA:58,0
DA:62,0
DA:63,0
DA:70,0
DA:71,0
DA:72,0
DA:73,0
DA:76,2
DA:77,18
DA:79,2
DA:80,3
DA:81,2
DA:84,0
DA:85,0
LF:36
LH:16
end_of_record
SF:lib\model\penInfo.dart
DA:7,3
DA:8,0
DA:10,0
DA:11,0
DA:12,0
DA:13,0
DA:18,0
DA:20,0
DA:21,0
DA:24,0
DA:26,0
DA:27,0
DA:31,0
DA:32,0
DA:35,2
DA:36,16
LF:16
LH:3
end_of_record
SF:lib\widget\WidgetLine.dart
DA:8,0
DA:10,0
DA:11,0
DA:15,0
DA:17,0
DA:18,0
DA:19,0
DA:20,0
DA:21,0
DA:22,0
DA:23,0
DA:24,0
DA:25,0
DA:28,0
DA:29,0
DA:30,0
DA:31,0
LF:17
LH:0
end_of_record
SF:lib\widget\Drawer\WidgetDrawer.dart
DA:10,0
DA:12,0
DA:14,0
DA:15,0
DA:18,0
LF:5
LH:0
end_of_record
SF:lib\service\dataService.dart
DA:18,1
DA:19,0
DA:20,0
DA:23,0
DA:24,0
DA:25,0
DA:28,0
DA:29,0
DA:31,0
DA:33,0
DA:35,0
DA:38,0
DA:39,0
DA:40,0
DA:43,0
DA:44,0
DA:47,0
DA:48,0
DA:50,0
DA:53,0
DA:54,0
DA:57,1
DA:58,2
DA:61,0
DA:62,0
DA:63,0
DA:66,0
DA:67,0
DA:70,3
DA:72,0
DA:74,3
DA:76,3
DA:78,3
DA:80,3
DA:82,3
DA:84,3
LF:36
LH:10
end_of_record
SF:lib\service\FSservice.dart
DA:4,0
DA:5,0
DA:8,0
DA:9,0
LF:4
LH:0
end_of_record
