SF:lib\model\data\Document.dart
DA:17,0
DA:18,1
DA:19,2
DA:22,0
DA:23,0
DA:26,1
DA:27,4
DA:30,1
DA:31,5
DA:34,1
DA:35,4
DA:36,2
DA:39,1
DA:40,2
DA:41,3
DA:42,2
DA:43,3
DA:44,2
DA:46,3
DA:50,0
DA:51,0
DA:52,2
DA:53,2
DA:55,0
DA:56,0
DA:59,0
DA:60,0
DA:61,0
DA:64,0
DA:65,0
DA:68,0
DA:69,0
DA:72,5
DA:74,1
DA:75,3
DA:76,1
DA:78,0
LF:37
LH:22
end_of_record
SF:lib\service\dataService.dart
DA:18,1
DA:19,0
DA:20,0
DA:23,0
DA:24,0
DA:25,0
DA:28,0
DA:29,0
DA:31,0
DA:33,0
DA:35,0
DA:38,0
DA:39,0
DA:40,0
DA:43,0
DA:44,0
DA:47,0
DA:48,0
DA:50,0
DA:53,0
DA:54,0
DA:57,1
DA:58,2
DA:61,0
DA:62,0
DA:63,0
DA:66,0
DA:67,0
DA:70,3
DA:72,0
DA:74,3
DA:76,3
DA:78,3
DA:80,3
DA:82,3
DA:84,3
LF:36
LH:10
end_of_record
SF:lib\model\data\Line.dart
DA:16,1
DA:18,0
DA:20,0
DA:21,0
DA:23,0
DA:24,0
DA:28,0
DA:29,0
DA:31,0
DA:32,0
DA:35,0
DA:38,0
DA:39,0
DA:40,0
DA:42,0
DA:44,0
DA:46,0
DA:48,0
DA:50,0
DA:52,0
DA:54,0
DA:56,0
DA:58,0
DA:62,0
DA:63,0
DA:70,0
DA:71,0
DA:72,0
DA:73,0
DA:76,0
DA:77,0
DA:80,0
DA:81,0
LF:33
LH:1
end_of_record
SF:lib\model\data\Paper.dart
DA:9,0
DA:10,0
DA:13,0
DA:14,0
DA:17,1
DA:18,2
DA:21,1
DA:22,3
DA:24,0
DA:25,0
DA:28,0
DA:32,0
DA:33,0
DA:34,0
LF:14
LH:4
end_of_record
SF:lib\model\penInfo.dart
DA:7,1
DA:8,0
DA:10,0
DA:11,0
DA:12,0
DA:13,0
DA:18,0
DA:20,0
DA:21,0
DA:24,0
DA:26,0
DA:27,0
DA:31,0
DA:32,0
DA:35,0
DA:36,0
LF:16
LH:1
end_of_record
SF:lib\widget\WidgetLine.dart
DA:8,0
DA:10,0
DA:11,0
DA:15,0
DA:17,0
DA:18,0
DA:19,0
DA:20,0
DA:21,0
DA:22,0
DA:23,0
DA:24,0
DA:25,0
DA:28,0
DA:29,0
DA:30,0
DA:31,0
LF:17
LH:0
end_of_record
SF:lib\service\FSservice.dart
DA:4,0
DA:5,0
DA:8,0
DA:9,0
LF:4
LH:0
end_of_record
SF:lib\widget\Drawer\WidgetDrawer.dart
DA:10,0
DA:12,0
DA:14,0
DA:15,0
DA:18,0
LF:5
LH:0
end_of_record
